[17-Jul-2024 10:23:17 Europe/Berlin] Sending email to: d888@gmx.fr
[17-Jul-2024 10:23:17 Europe/Berlin] Email subject: New contact form submission from dzd
[17-Jul-2024 10:23:17 Europe/Berlin] Email content: Name: dzd
Email: valentin.delahaye@gmx.fr

Message:
zdzdzd

[17-Jul-2024 10:23:17 Europe/Berlin] Email headers: From: dzd <valentin.delahaye@gmx.fr>
[17-Jul-2024 10:23:17 Europe/Berlin] Email sent successfully
[18-Jul-2024 09:11:28 Europe/Berlin] Invalid request method
[18-Jul-2024 09:40:29 Europe/Berlin] Sending email to: d888@gmx.fr
[18-Jul-2024 09:40:29 Europe/Berlin] Email subject: New contact form submission from zdz
[18-Jul-2024 09:40:29 Europe/Berlin] Email content: Name: zdz
Email: valentin.delahaye@gmx.fr

Message:
dsdsd

[18-Jul-2024 09:40:29 Europe/Berlin] Email headers: From: zdz <valentin.delahaye@gmx.fr>
[18-Jul-2024 09:40:29 Europe/Berlin] Email sent successfully
[18-Jul-2024 09:44:02 Europe/Berlin] Sending email to: d888@gmx.fr
[18-Jul-2024 09:44:02 Europe/Berlin] Email subject: New contact form submission from ssd
[18-Jul-2024 09:44:02 Europe/Berlin] Email content: Name: ssd
Email: djfry@live.fr

Message:
sdsdd

[18-Jul-2024 09:44:02 Europe/Berlin] Email headers: From: ssd <djfry@live.fr>
[18-Jul-2024 09:44:02 Europe/Berlin] Email sent successfully
[18-Jul-2024 09:45:38 Europe/Berlin] Sending email to: d888@gmx.fr
[18-Jul-2024 09:45:38 Europe/Berlin] Email subject: New contact form submission from sd
[18-Jul-2024 09:45:38 Europe/Berlin] Email content: Name: sd
Email: valentin.delahaye@gmx.fr

Message:
sdsd

[18-Jul-2024 09:45:38 Europe/Berlin] Email headers: From: sd <valentin.delahaye@gmx.fr>
[18-Jul-2024 09:45:38 Europe/Berlin] Email sent successfully
[18-Jul-2024 10:05:38 Europe/Berlin] Sending email to: d888@gmx.fr
[18-Jul-2024 10:05:38 Europe/Berlin] Email subject: New contact form submission from qs
[18-Jul-2024 10:05:38 Europe/Berlin] Email content: Name: qs
Email: valentin.delahaye@gmx.fr

Message:
qsqssqs

[18-Jul-2024 10:05:38 Europe/Berlin] Email headers: From: qs <valentin.delahaye@gmx.fr>
[18-Jul-2024 10:05:38 Europe/Berlin] Email sent successfully
[18-Jul-2024 10:08:13 Europe/Berlin] Sending email to: d888@gmx.fr
[18-Jul-2024 10:08:13 Europe/Berlin] Email subject: New contact form submission from sd
[18-Jul-2024 10:08:13 Europe/Berlin] Email content: Name: sd
Email: valentin.delahaye@gmx.fr

Message:
dsdsdsd

[18-Jul-2024 10:08:13 Europe/Berlin] Email headers: From: sd <valentin.delahaye@gmx.fr>
[18-Jul-2024 10:08:13 Europe/Berlin] Email sent successfully
